C:\Users\caique.francisco\Desktop\Challenge.WebApi\wwwroot\FrontEnd\challengeFront\dist\out-tsc\src\app\app-routing.module.js
C:\Users\caique.francisco\Desktop\Challenge.WebApi\wwwroot\FrontEnd\challengeFront\dist\out-tsc\src\app\app-routing.module.js.map
C:\Users\caique.francisco\Desktop\Challenge.WebApi\wwwroot\FrontEnd\challengeFront\dist\out-tsc\src\app\app.component.js
C:\Users\caique.francisco\Desktop\Challenge.WebApi\wwwroot\FrontEnd\challengeFront\dist\out-tsc\src\app\app.component.js.map
C:\Users\caique.francisco\Desktop\Challenge.WebApi\wwwroot\FrontEnd\challengeFront\dist\out-tsc\src\app\models\cliente.js
C:\Users\caique.francisco\Desktop\Challenge.WebApi\wwwroot\FrontEnd\challengeFront\dist\out-tsc\src\app\models\cliente.js.map
C:\Users\caique.francisco\Desktop\Challenge.WebApi\wwwroot\FrontEnd\challengeFront\dist\out-tsc\src\app\clientes.service.js
C:\Users\caique.francisco\Desktop\Challenge.WebApi\wwwroot\FrontEnd\challengeFront\dist\out-tsc\src\app\clientes.service.js.map
C:\Users\caique.francisco\Desktop\Challenge.WebApi\wwwroot\FrontEnd\challengeFront\dist\out-tsc\src\app\clientes-tabela\clientes-tabela.component.js
C:\Users\caique.francisco\Desktop\Challenge.WebApi\wwwroot\FrontEnd\challengeFront\dist\out-tsc\src\app\clientes-tabela\clientes-tabela.component.js.map
C:\Users\caique.francisco\Desktop\Challenge.WebApi\wwwroot\FrontEnd\challengeFront\dist\out-tsc\src\app\filtro-clientes\filtro-clientes.component.js
C:\Users\caique.francisco\Desktop\Challenge.WebApi\wwwroot\FrontEnd\challengeFront\dist\out-tsc\src\app\filtro-clientes\filtro-clientes.component.js.map
C:\Users\caique.francisco\Desktop\Challenge.WebApi\wwwroot\FrontEnd\challengeFront\dist\out-tsc\src\app\principal\principal.component.js
C:\Users\caique.francisco\Desktop\Challenge.WebApi\wwwroot\FrontEnd\challengeFront\dist\out-tsc\src\app\principal\principal.component.js.map
C:\Users\caique.francisco\Desktop\Challenge.WebApi\wwwroot\FrontEnd\challengeFront\dist\out-tsc\src\app\app.module.js
C:\Users\caique.francisco\Desktop\Challenge.WebApi\wwwroot\FrontEnd\challengeFront\dist\out-tsc\src\app\app.module.js.map
C:\Users\caique.francisco\Desktop\Challenge.WebApi\wwwroot\FrontEnd\challengeFront\dist\out-tsc\src\environments\environment.js
C:\Users\caique.francisco\Desktop\Challenge.WebApi\wwwroot\FrontEnd\challengeFront\dist\out-tsc\src\environments\environment.js.map
C:\Users\caique.francisco\Desktop\Challenge.WebApi\wwwroot\FrontEnd\challengeFront\dist\out-tsc\src\main.js
C:\Users\caique.francisco\Desktop\Challenge.WebApi\wwwroot\FrontEnd\challengeFront\dist\out-tsc\src\main.js.map
C:\Users\caique.francisco\Desktop\Challenge.WebApi\wwwroot\FrontEnd\challengeFront\dist\out-tsc\src\polyfills.js
C:\Users\caique.francisco\Desktop\Challenge.WebApi\wwwroot\FrontEnd\challengeFront\dist\out-tsc\src\polyfills.js.map
C:\Users\caique.francisco\Desktop\Challenge.WebApi\wwwroot\FrontEnd\challengeFront\dist\out-tsc\src\test.js
C:\Users\caique.francisco\Desktop\Challenge.WebApi\wwwroot\FrontEnd\challengeFront\dist\out-tsc\src\test.js.map
C:\Users\caique.francisco\Desktop\Challenge.WebApi\wwwroot\FrontEnd\challengeFront\dist\out-tsc\e2e\src\app.po.js
C:\Users\caique.francisco\Desktop\Challenge.WebApi\wwwroot\FrontEnd\challengeFront\dist\out-tsc\e2e\src\app.po.js.map
C:\Users\caique.francisco\Desktop\Challenge.WebApi\wwwroot\FrontEnd\challengeFront\dist\out-tsc\e2e\src\app.e2e-spec.js
C:\Users\caique.francisco\Desktop\Challenge.WebApi\wwwroot\FrontEnd\challengeFront\dist\out-tsc\e2e\src\app.e2e-spec.js.map
C:\Users\caique.francisco\Desktop\Challenge.WebApi\wwwroot\FrontEnd\challengeFront\dist\out-tsc\src\app\app.component.spec.js
C:\Users\caique.francisco\Desktop\Challenge.WebApi\wwwroot\FrontEnd\challengeFront\dist\out-tsc\src\app\app.component.spec.js.map
C:\Users\caique.francisco\Desktop\Challenge.WebApi\wwwroot\FrontEnd\challengeFront\dist\out-tsc\src\app\clientes.service.spec.js
C:\Users\caique.francisco\Desktop\Challenge.WebApi\wwwroot\FrontEnd\challengeFront\dist\out-tsc\src\app\clientes.service.spec.js.map
C:\Users\caique.francisco\Desktop\Challenge.WebApi\wwwroot\FrontEnd\challengeFront\dist\out-tsc\src\environments\environment.prod.js
C:\Users\caique.francisco\Desktop\Challenge.WebApi\wwwroot\FrontEnd\challengeFront\dist\out-tsc\src\environments\environment.prod.js.map
C:\Users\caique.francisco\Desktop\Challenge.WebApi\wwwroot\FrontEnd\challengeFront\dist\out-tsc\src\app\clientes-tabela\clientes-tabela.component.spec.js
C:\Users\caique.francisco\Desktop\Challenge.WebApi\wwwroot\FrontEnd\challengeFront\dist\out-tsc\src\app\clientes-tabela\clientes-tabela.component.spec.js.map
C:\Users\caique.francisco\Desktop\Challenge.WebApi\wwwroot\FrontEnd\challengeFront\dist\out-tsc\src\app\filtro-clientes\filtro-clientes.component.spec.js
C:\Users\caique.francisco\Desktop\Challenge.WebApi\wwwroot\FrontEnd\challengeFront\dist\out-tsc\src\app\filtro-clientes\filtro-clientes.component.spec.js.map
C:\Users\caique.francisco\Desktop\Challenge.WebApi\wwwroot\FrontEnd\challengeFront\dist\out-tsc\src\app\principal\principal.component.spec.js
C:\Users\caique.francisco\Desktop\Challenge.WebApi\wwwroot\FrontEnd\challengeFront\dist\out-tsc\src\app\principal\principal.component.spec.js.map
